[ 2019-01-05T10:30:55+08:00 ] 127.0.0.1 /shop/index.php/Home/User/login
ERR: 无法加载控制器:User

[ 2019-01-05T10:33:25+08:00 ] 127.0.0.1 /shop/index.php/Home/User/login
INFO: [ app_init ] --START--
INFO: Run Behavior\BuildLiteBehavior [ RunTime:0.000000s ]
INFO: [ app_init ] --END-- [ RunTime:0.003000s ]
INFO: [ app_begin ] --START--
INFO: Run Behavior\ReadHtmlCacheBehavior [ RunTime:0.001000s ]
INFO: [ app_begin ] --END-- [ RunTime:0.001000s ]
ERR: 无法加载控制器:User

[ 2019-01-05T10:34:11+08:00 ] 127.0.0.1 /shop/index.php/Home/User/login
INFO: [ app_init ] --START--
INFO: Run Behavior\BuildLiteBehavior [ RunTime:0.000000s ]
INFO: [ app_init ] --END-- [ RunTime:0.001000s ]
INFO: [ app_begin ] --START--
INFO: Run Behavior\ReadHtmlCacheBehavior [ RunTime:0.001000s ]
INFO: [ app_begin ] --END-- [ RunTime:0.001000s ]

[ 2019-01-05T10:34:33+08:00 ] 127.0.0.1 /shop/index.php/Home/User/login
INFO: [ app_init ] --START--
INFO: Run Behavior\BuildLiteBehavior [ RunTime:0.000000s ]
INFO: [ app_init ] --END-- [ RunTime:0.001000s ]
INFO: [ app_begin ] --START--
INFO: Run Behavior\ReadHtmlCacheBehavior [ RunTime:0.001001s ]
INFO: [ app_begin ] --END-- [ RunTime:0.001001s ]

[ 2019-01-05T10:35:41+08:00 ] 127.0.0.1 /shop/index.php/Home/User/login
INFO: [ app_init ] --START--
INFO: Run Behavior\BuildLiteBehavior [ RunTime:0.000000s ]
INFO: [ app_init ] --END-- [ RunTime:0.001000s ]
INFO: [ app_begin ] --START--
INFO: Run Behavior\ReadHtmlCacheBehavior [ RunTime:0.001000s ]
INFO: [ app_begin ] --END-- [ RunTime:0.001000s ]
INFO: [ view_parse ] --START--
INFO: [ template_filter ] --START--
INFO: Run Behavior\ContentReplaceBehavior [ RunTime:0.000000s ]
INFO: [ template_filter ] --END-- [ RunTime:0.000000s ]
INFO: Run Behavior\ParseTemplateBehavior [ RunTime:0.017001s ]
INFO: [ view_parse ] --END-- [ RunTime:0.017001s ]
INFO: [ view_filter ] --START--
INFO: Run Behavior\WriteHtmlCacheBehavior [ RunTime:0.001000s ]
INFO: [ view_filter ] --END-- [ RunTime:0.001000s ]
INFO: [ app_end ] --START--
INFO: Run Behavior\ShowPageTraceBehavior [ RunTime:0.001000s ]
INFO: [ app_end ] --END-- [ RunTime:0.001000s ]

[ 2019-01-05T10:35:54+08:00 ] 127.0.0.1 /shop/index.php/Home/User/register
INFO: [ app_init ] --START--
INFO: Run Behavior\BuildLiteBehavior [ RunTime:0.000000s ]
INFO: [ app_init ] --END-- [ RunTime:0.000000s ]
INFO: [ app_begin ] --START--
INFO: Run Behavior\ReadHtmlCacheBehavior [ RunTime:0.001000s ]
INFO: [ app_begin ] --END-- [ RunTime:0.002000s ]
INFO: [ view_parse ] --START--
INFO: [ template_filter ] --START--
INFO: Run Behavior\ContentReplaceBehavior [ RunTime:0.001000s ]
INFO: [ template_filter ] --END-- [ RunTime:0.001000s ]
INFO: Run Behavior\ParseTemplateBehavior [ RunTime:0.019001s ]
INFO: [ view_parse ] --END-- [ RunTime:0.019001s ]
INFO: [ view_filter ] --START--
INFO: Run Behavior\WriteHtmlCacheBehavior [ RunTime:0.000000s ]
INFO: [ view_filter ] --END-- [ RunTime:0.000000s ]
INFO: [ app_end ] --START--
INFO: Run Behavior\ShowPageTraceBehavior [ RunTime:0.001000s ]
INFO: [ app_end ] --END-- [ RunTime:0.001000s ]

[ 2019-01-05T10:36:22+08:00 ] 127.0.0.1 /shop/index.php/Home/Goods/showlist
INFO: [ app_init ] --START--
INFO: Run Behavior\BuildLiteBehavior [ RunTime:0.001001s ]
INFO: [ app_init ] --END-- [ RunTime:0.001001s ]
INFO: [ app_begin ] --START--
INFO: Run Behavior\ReadHtmlCacheBehavior [ RunTime:0.002000s ]
INFO: [ app_begin ] --END-- [ RunTime:0.002000s ]
INFO: [ view_parse ] --START--
INFO: [ template_filter ] --START--
INFO: Run Behavior\ContentReplaceBehavior [ RunTime:0.000000s ]
INFO: [ template_filter ] --END-- [ RunTime:0.000000s ]
INFO: Run Behavior\ParseTemplateBehavior [ RunTime:0.013001s ]
INFO: [ view_parse ] --END-- [ RunTime:0.013001s ]
INFO: [ view_filter ] --START--
INFO: Run Behavior\WriteHtmlCacheBehavior [ RunTime:0.001000s ]
INFO: [ view_filter ] --END-- [ RunTime:0.001000s ]
INFO: [ app_end ] --START--
INFO: Run Behavior\ShowPageTraceBehavior [ RunTime:0.001000s ]
INFO: [ app_end ] --END-- [ RunTime:0.001000s ]

[ 2019-01-05T10:36:22+08:00 ] 127.0.0.1 /shop/index.php/Home/Goods/img/20121018-174034-58977.jpg
INFO: [ app_init ] --START--
INFO: Run Behavior\BuildLiteBehavior [ RunTime:0.000000s ]
INFO: [ app_init ] --END-- [ RunTime:0.001000s ]

[ 2019-01-05T10:36:22+08:00 ] 127.0.0.1 /shop/index.php/Home/Goods/img/20121018-174248-87501.jpg
INFO: [ app_init ] --START--
INFO: Run Behavior\BuildLiteBehavior [ RunTime:0.000000s ]
INFO: [ app_init ] --END-- [ RunTime:0.000000s ]

[ 2019-01-05T10:36:22+08:00 ] 127.0.0.1 /shop/index.php/Home/Goods/img/20121018-174248-28718.jpg
INFO: [ app_init ] --START--
INFO: Run Behavior\BuildLiteBehavior [ RunTime:0.000000s ]
INFO: [ app_init ] --END-- [ RunTime:0.001000s ]

[ 2019-01-05T10:36:22+08:00 ] 127.0.0.1 /shop/index.php/Home/Goods/img/20121018-174346-31424.jpg
INFO: [ app_init ] --START--
INFO: Run Behavior\BuildLiteBehavior [ RunTime:0.000000s ]
INFO: [ app_init ] --END-- [ RunTime:0.001000s ]

[ 2019-01-05T10:36:22+08:00 ] 127.0.0.1 /shop/index.php/Home/Goods/img/20121018-174034-97960.jpg
INFO: [ app_init ] --START--
INFO: Run Behavior\BuildLiteBehavior [ RunTime:0.000000s ]
INFO: [ app_init ] --END-- [ RunTime:0.002000s ]

[ 2019-01-05T10:36:22+08:00 ] 127.0.0.1 /shop/index.php/Home/Goods/img/20121018-174346-54660.jpg
INFO: [ app_init ] --START--
INFO: Run Behavior\BuildLiteBehavior [ RunTime:0.000000s ]
INFO: [ app_init ] --END-- [ RunTime:0.001000s ]

[ 2019-01-05T10:36:22+08:00 ] 127.0.0.1 /shop/index.php/Home/Goods/img/20121018-174455-91962.jpg
INFO: [ app_init ] --START--
INFO: Run Behavior\BuildLiteBehavior [ RunTime:0.000000s ]
INFO: [ app_init ] --END-- [ RunTime:0.001000s ]

[ 2019-01-05T10:36:22+08:00 ] 127.0.0.1 /shop/index.php/Home/Goods/img/20121018-174455-10118.jpg
INFO: [ app_init ] --START--
INFO: Run Behavior\BuildLiteBehavior [ RunTime:0.000000s ]
INFO: [ app_init ] --END-- [ RunTime:0.001000s ]

[ 2019-01-05T10:36:34+08:00 ] 127.0.0.1 /shop/index.php/Home/Goods/detail
INFO: [ app_init ] --START--
INFO: Run Behavior\BuildLiteBehavior [ RunTime:0.000000s ]
INFO: [ app_init ] --END-- [ RunTime:0.001000s ]
INFO: [ app_begin ] --START--
INFO: Run Behavior\ReadHtmlCacheBehavior [ RunTime:0.002000s ]
INFO: [ app_begin ] --END-- [ RunTime:0.002000s ]
INFO: [ view_parse ] --START--
INFO: [ template_filter ] --START--
INFO: Run Behavior\ContentReplaceBehavior [ RunTime:0.001000s ]
INFO: [ template_filter ] --END-- [ RunTime:0.001000s ]
INFO: Run Behavior\ParseTemplateBehavior [ RunTime:0.026002s ]
INFO: [ view_parse ] --END-- [ RunTime:0.026002s ]
INFO: [ view_filter ] --START--
INFO: Run Behavior\WriteHtmlCacheBehavior [ RunTime:0.000000s ]
INFO: [ view_filter ] --END-- [ RunTime:0.000000s ]
INFO: [ app_end ] --START--
INFO: Run Behavior\ShowPageTraceBehavior [ RunTime:0.002000s ]
INFO: [ app_end ] --END-- [ RunTime:0.002000s ]

[ 2019-01-05T10:36:42+08:00 ] 127.0.0.1 /shop/index.php
INFO: [ app_init ] --START--
INFO: Run Behavior\BuildLiteBehavior [ RunTime:0.000000s ]
INFO: [ app_init ] --END-- [ RunTime:0.001000s ]
INFO: [ app_begin ] --START--
INFO: Run Behavior\ReadHtmlCacheBehavior [ RunTime:0.001000s ]
INFO: [ app_begin ] --END-- [ RunTime:0.001000s ]
INFO: [ view_parse ] --START--
INFO: [ template_filter ] --START--
INFO: Run Behavior\ContentReplaceBehavior [ RunTime:0.001000s ]
INFO: [ template_filter ] --END-- [ RunTime:0.001000s ]
INFO: Run Behavior\ParseTemplateBehavior [ RunTime:0.024002s ]
INFO: [ view_parse ] --END-- [ RunTime:0.024002s ]
INFO: [ view_filter ] --START--
INFO: Run Behavior\WriteHtmlCacheBehavior [ RunTime:0.001000s ]
INFO: [ view_filter ] --END-- [ RunTime:0.001000s ]
INFO: [ app_end ] --START--
INFO: Run Behavior\ShowPageTraceBehavior [ RunTime:0.001000s ]
INFO: [ app_end ] --END-- [ RunTime:0.001000s ]

[ 2019-01-05T11:40:54+08:00 ] 127.0.0.1 /shop/index.php
INFO: [ app_init ] --START--
INFO: Run Behavior\BuildLiteBehavior [ RunTime:0.000000s ]
INFO: [ app_init ] --END-- [ RunTime:0.000000s ]
INFO: [ app_begin ] --START--
INFO: Run Behavior\ReadHtmlCacheBehavior [ RunTime:0.002001s ]
INFO: [ app_begin ] --END-- [ RunTime:0.002001s ]
INFO: [ view_parse ] --START--
INFO: [ template_filter ] --START--
INFO: Run Behavior\ContentReplaceBehavior [ RunTime:0.000000s ]
INFO: [ template_filter ] --END-- [ RunTime:0.000000s ]
INFO: Run Behavior\ParseTemplateBehavior [ RunTime:0.027001s ]
INFO: [ view_parse ] --END-- [ RunTime:0.027001s ]
INFO: [ view_filter ] --START--
INFO: Run Behavior\WriteHtmlCacheBehavior [ RunTime:0.001000s ]
INFO: [ view_filter ] --END-- [ RunTime:0.001000s ]
INFO: [ app_end ] --START--
INFO: Run Behavior\ShowPageTraceBehavior [ RunTime:0.001000s ]
INFO: [ app_end ] --END-- [ RunTime:0.001000s ]

[ 2019-01-05T15:06:47+08:00 ] 127.0.0.1 /shop/index.php/Admin/Manager/login
ERR: 无法加载控制器:Admin

[ 2019-01-05T18:22:18+08:00 ] ::1 /shop/index.php/Goods/dateil
ERR: 非法操作:dateil

[ 2019-01-05T18:22:26+08:00 ] ::1 /shop/index.php/Home/Goods/dateil
ERR: 非法操作:dateil

[ 2019-01-05T18:22:48+08:00 ] ::1 /shop/index.php/Goods/%7BADMIN_IMG_URL%7Dcontrolbar.htm
ERR: 非法操作:{ADMIN_IMG_URL}controlbar.htm

[ 2019-01-05T18:22:48+08:00 ] ::1 /shop/index.php/Goods/%7BADMIN_IMG_URL%7Dgoods.htm
ERR: 非法操作:{ADMIN_IMG_URL}goods.htm

[ 2019-01-05T18:23:48+08:00 ] ::1 /shop/index.php/Goods/%7BADMIN_IMG_URL%7Dcontrolbar.htm
ERR: 非法操作:{ADMIN_IMG_URL}controlbar.htm

[ 2019-01-05T18:23:48+08:00 ] ::1 /shop/index.php/Goods/%7BADMIN_IMG_URL%7Dgoods.htm
ERR: 非法操作:{ADMIN_IMG_URL}goods.htm

[ 2019-01-05T18:27:02+08:00 ] ::1 /shop/index.php/Goods/%7BADMIN_IMG_URL%7Dgoods.htm
ERR: 非法操作:{ADMIN_IMG_URL}goods.htm

[ 2019-01-05T18:27:02+08:00 ] ::1 /shop/index.php/Goods/%7BADMIN_IMG_URL%7Dcontrolbar.htm
ERR: 非法操作:{ADMIN_IMG_URL}controlbar.htm

[ 2019-01-05T18:27:02+08:00 ] ::1 /shop/index.php/Goods/%7BADMIN_IMG_URL%7Dgoods.htm
ERR: 非法操作:{ADMIN_IMG_URL}goods.htm

[ 2019-01-05T18:27:02+08:00 ] ::1 /shop/index.php/Goods/%7BADMIN_IMG_URL%7Dcontrolbar.htm
ERR: 非法操作:{ADMIN_IMG_URL}controlbar.htm

[ 2019-01-05T18:30:20+08:00 ] ::1 /shop/index.php/Goods/%7BIMG_URL%7Dgoods.htm
ERR: 非法操作:{IMG_URL}goods.htm

[ 2019-01-05T18:30:20+08:00 ] ::1 /shop/index.php/Goods/%7BIMG_URL%7Dcontrolbar.htm
ERR: 非法操作:{IMG_URL}controlbar.htm

[ 2019-01-05T18:30:24+08:00 ] ::1 /shop/index.php/Goods/%7BIMG_URL%7Dcontrolbar.htm
ERR: 非法操作:{IMG_URL}controlbar.htm

[ 2019-01-05T18:30:24+08:00 ] ::1 /shop/index.php/Goods/%7BIMG_URL%7Dgoods.htm
ERR: 非法操作:{IMG_URL}goods.htm

[ 2019-01-05T18:34:18+08:00 ] ::1 /shop/index.php/Goods/%7BIMG_URL%7Dgoods.htm
ERR: 非法操作:{IMG_URL}goods.htm

[ 2019-01-05T18:34:18+08:00 ] ::1 /shop/index.php/Goods/%7BIMG_URL%7Dcontrolbar.htm
ERR: 非法操作:{IMG_URL}controlbar.htm

[ 2019-01-05T18:34:32+08:00 ] ::1 /shop/index.php/Goods/%7BIMG_URL%7Dgoods.htm
ERR: 非法操作:{IMG_URL}goods.htm

[ 2019-01-05T18:34:32+08:00 ] ::1 /shop/index.php/Goods/%7BIMG_URL%7Dcontrolbar.htm
ERR: 非法操作:{IMG_URL}controlbar.htm

[ 2019-01-05T18:34:58+08:00 ] ::1 /shop/index.php/Goods/%7BIMG_URL%7Dgoods.htm
ERR: 非法操作:{IMG_URL}goods.htm

[ 2019-01-05T18:34:58+08:00 ] ::1 /shop/index.php/Goods/%7BIMG_URL%7Dcontrolbar.htm
ERR: 非法操作:{IMG_URL}controlbar.htm

[ 2019-01-05T18:35:52+08:00 ] ::1 /shop/index.php/Goods/%7BIMG_URL%7D%22logo.gif%22
ERR: 非法操作:{IMG_URL}"logo.gif"

[ 2019-01-05T18:35:53+08:00 ] ::1 /shop/index.php/Goods/%7BIMG_URL%7Dcontrolbar.htm
ERR: 非法操作:{IMG_URL}controlbar.htm

[ 2019-01-05T18:35:53+08:00 ] ::1 /shop/index.php/Goods/%7BIMG_URL%7Dgoods.htm
ERR: 非法操作:{IMG_URL}goods.htm

[ 2019-01-05T18:57:18+08:00 ] ::1 /shop/index.php/Goods/show
ERR: 非法操作:show

[ 2019-01-05T21:12:45+08:00 ] ::1 /shop/index.php
ERR: Syntax Error in template "D:/phpstudy/PHPTutorial/WWW/shop/Home/View\Index\index.html"  on line 405 ".boxCenterList form{display:inline;}"  - Unexpected ":", expected one of: "}" , " "

[ 2019-01-05T21:12:54+08:00 ] ::1 /shop/index.php
ERR: Syntax Error in template "D:/phpstudy/PHPTutorial/WWW/shop/Home/View\Index\index.html"  on line 405 ".boxCenterList form{display:inline;}"  - Unexpected ":", expected one of: "}" , " "

[ 2019-01-05T21:12:56+08:00 ] ::1 /shop/index.php
ERR: Syntax Error in template "D:/phpstudy/PHPTutorial/WWW/shop/Home/View\Index\index.html"  on line 405 ".boxCenterList form{display:inline;}"  - Unexpected ":", expected one of: "}" , " "

[ 2019-01-05T21:12:56+08:00 ] ::1 /shop/index.php
ERR: Syntax Error in template "D:/phpstudy/PHPTutorial/WWW/shop/Home/View\Index\index.html"  on line 405 ".boxCenterList form{display:inline;}"  - Unexpected ":", expected one of: "}" , " "

[ 2019-01-05T21:52:07+08:00 ] ::1 /shop/index.php
ERR: Syntax Error in template "D:/phpstudy/PHPTutorial/WWW/shop/Home/View\Index\index.html"  on line 405 ".boxCenterList form{display:inline;}"  - Unexpected ":", expected one of: "}" , " "

